<?xml version="1.0" encoding="UTF-8"?>
<!-- Generated by org.testng.reporters.JUnitReportReporter -->
<testsuite hostname="DESKTOP-37EBRU3" failures="0" tests="3" name="runner.TestNGRunner" time="110.473" errors="0" timestamp="2022-10-10T08:30:33 IST" skipped="0">
  <testcase classname="runner.TestNGRunner" name="runScenario" time="28.186"/>
  <system-out/>
  <testcase classname="runner.TestNGRunner" name="runScenario" time="37.732"/>
  <system-out/>
  <testcase classname="runner.TestNGRunner" name="runScenario" time="44.555"/>
  <system-out/>
</testsuite> <!-- runner.TestNGRunner -->
