<?xml version="1.0" encoding="UTF-8"?>
<!-- Generated by org.testng.reporters.JUnitReportReporter -->
<testsuite hostname="DESKTOP-37EBRU3" failures="0" tests="2" name="runner.TestNGRunner" time="51.083" errors="0" timestamp="2022-09-24T21:48:41 IST" skipped="0">
  <testcase classname="runner.TestNGRunner" name="runScenario" time="20.955"/>
  <system-out/>
  <testcase classname="runner.TestNGRunner" name="runScenario" time="30.128"/>
  <system-out/>
</testsuite> <!-- runner.TestNGRunner -->
