<?xml version="1.0" encoding="UTF-8"?>
<!-- Generated by org.testng.reporters.JUnitReportReporter -->
<testsuite hostname="DESKTOP-37EBRU3" failures="0" tests="7" name="runner.TestNGRunner" time="202.829" errors="0" timestamp="2022-10-03T12:27:17 IST" skipped="0">
  <testcase classname="runner.TestNGRunner" name="runScenario" time="33.791"/>
  <system-out/>
  <testcase classname="runner.TestNGRunner" name="runScenario" time="28.494"/>
  <system-out/>
  <testcase classname="runner.TestNGRunner" name="runScenario" time="36.832"/>
  <system-out/>
  <testcase classname="runner.TestNGRunner" name="runScenario" time="31.514"/>
  <system-out/>
  <testcase classname="runner.TestNGRunner" name="runScenario" time="17.672"/>
  <system-out/>
  <testcase classname="runner.TestNGRunner" name="runScenario" time="20.191"/>
  <system-out/>
  <testcase classname="runner.TestNGRunner" name="runScenario" time="34.335"/>
  <system-out/>
</testsuite> <!-- runner.TestNGRunner -->
